app/build/intermediates/manifest_merge_blame_file/debug/manifest-merger-blame-debug-report.txt
1<?xml version="1.0" encoding="utf-8"?>
2<manifest xmlns:android="http://schemas.android.com/apk/res/android"
3    package="com.example.promly"
4    android:versionCode="1"
5    android:versionName="1.0" >
6
7    <uses-sdk
8        android:minSdkVersion="21"
8-->src\main\AndroidManifest.xml
9        android:targetSdkVersion="32" />
9-->src\main\AndroidManifest.xml
10
11    <uses-permission android:name="android.permission.INTERNET" />
11-->[com.github.unsplash:unsplash-photopicker-android:1.0.1] AndroidManifest.xml:11:5-67
11-->[com.github.unsplash:unsplash-photopicker-android:1.0.1] AndroidManifest.xml:11:22-64
12
13    <application
13-->src\main\AndroidManifest.xml:5:5-61:19
14        android:name="com.example.promly.UnsplashApplication"
14-->src\main\AndroidManifest.xml:6:9-44
15        android:allowBackup="true"
15-->src\main\AndroidManifest.xml:7:9-35
16        android:appComponentFactory="androidx.core.app.CoreComponentFactory"
16-->[androidx.core:core:1.7.0] AndroidManifest.xml:24:18-86
17        android:debuggable="true"
18        android:icon="@mipmap/ic_launcher"
18-->src\main\AndroidManifest.xml:8:9-43
19        android:label=""
19-->src\main\AndroidManifest.xml:9:9-25
20        android:roundIcon="@mipmap/ic_launcher_round"
20-->src\main\AndroidManifest.xml:10:9-54
21        android:supportsRtl="true"
21-->src\main\AndroidManifest.xml:11:9-35
22        android:testOnly="true"
23        android:theme="@style/Theme.Promly" >
23-->src\main\AndroidManifest.xml:12:9-44
24        <activity
24-->src\main\AndroidManifest.xml:13:9-16:40
25            android:name="com.example.promly.FindFriendsActivity"
25-->src\main\AndroidManifest.xml:14:13-48
26            android:exported="false"
26-->src\main\AndroidManifest.xml:16:13-37
27            android:theme="@style/Theme.Promly.NoActionBar" />
27-->src\main\AndroidManifest.xml:15:13-60
28        <activity
28-->src\main\AndroidManifest.xml:17:9-20:63
29            android:name="com.example.promly.NewGoalActivity"
29-->src\main\AndroidManifest.xml:18:13-44
30            android:exported="false"
30-->src\main\AndroidManifest.xml:19:13-37
31            android:theme="@style/Theme.Promly.NoActionBar" />
31-->src\main\AndroidManifest.xml:20:13-60
32        <activity
32-->src\main\AndroidManifest.xml:21:9-24:63
33            android:name="com.example.promly.ExistingGoalActivity"
33-->src\main\AndroidManifest.xml:22:13-49
34            android:exported="false"
34-->src\main\AndroidManifest.xml:23:13-37
35            android:theme="@style/Theme.Promly.NoActionBar" />
35-->src\main\AndroidManifest.xml:24:13-60
36        <activity
36-->src\main\AndroidManifest.xml:25:9-28:63
37            android:name="com.example.promly.TwentybyTwentyHomeActivity"
37-->src\main\AndroidManifest.xml:26:13-55
38            android:exported="false"
38-->src\main\AndroidManifest.xml:27:13-37
39            android:theme="@style/Theme.Promly.NoActionBar" />
39-->src\main\AndroidManifest.xml:28:13-60
40        <activity
40-->src\main\AndroidManifest.xml:29:9-33:63
41            android:name="com.example.promly.HomePageActivity"
41-->src\main\AndroidManifest.xml:30:13-45
42            android:exported="false"
42-->src\main\AndroidManifest.xml:31:13-37
43            android:label="@string/title_activity_home_page"
43-->src\main\AndroidManifest.xml:32:13-61
44            android:theme="@style/Theme.Promly.NoActionBar" />
44-->src\main\AndroidManifest.xml:33:13-60
45        <activity
45-->src\main\AndroidManifest.xml:34:9-42:20
46            android:name="com.example.promly.MainActivity"
46-->src\main\AndroidManifest.xml:35:13-41
47            android:exported="true" >
47-->src\main\AndroidManifest.xml:36:13-36
48            <intent-filter>
48-->src\main\AndroidManifest.xml:37:13-41:29
49                <action android:name="android.intent.action.MAIN" />
49-->src\main\AndroidManifest.xml:38:17-69
49-->src\main\AndroidManifest.xml:38:25-66
50
51                <category android:name="android.intent.category.LAUNCHER" />
51-->src\main\AndroidManifest.xml:40:17-77
51-->src\main\AndroidManifest.xml:40:27-74
52            </intent-filter>
53        </activity>
54        <activity
54-->src\main\AndroidManifest.xml:43:9-51:20
55            android:name="com.example.promly.RespectCodeActivity"
55-->src\main\AndroidManifest.xml:44:13-48
56            android:exported="true" >
56-->src\main\AndroidManifest.xml:45:13-36
57            <intent-filter>
57-->src\main\AndroidManifest.xml:37:13-41:29
58                <action android:name="android.intent.action.MAIN" />
58-->src\main\AndroidManifest.xml:38:17-69
58-->src\main\AndroidManifest.xml:38:25-66
59
60                <category android:name="android.intent.category.LAUNCHER" />
60-->src\main\AndroidManifest.xml:40:17-77
60-->src\main\AndroidManifest.xml:40:27-74
61            </intent-filter>
62        </activity>
63        <activity
63-->src\main\AndroidManifest.xml:52:9-60:20
64            android:name="com.example.promly.IntroActivity"
64-->src\main\AndroidManifest.xml:53:13-42
65            android:exported="true" >
65-->src\main\AndroidManifest.xml:54:13-36
66            <intent-filter>
66-->src\main\AndroidManifest.xml:37:13-41:29
67                <action android:name="android.intent.action.MAIN" />
67-->src\main\AndroidManifest.xml:38:17-69
67-->src\main\AndroidManifest.xml:38:25-66
68
69                <category android:name="android.intent.category.LAUNCHER" />
69-->src\main\AndroidManifest.xml:40:17-77
69-->src\main\AndroidManifest.xml:40:27-74
70            </intent-filter>
71        </activity>
72
73        <uses-library
73-->[androidx.window:window:1.0.0] AndroidManifest.xml:25:9-27:40
74            android:name="androidx.window.extensions"
74-->[androidx.window:window:1.0.0] AndroidManifest.xml:26:13-54
75            android:required="false" />
75-->[androidx.window:window:1.0.0] AndroidManifest.xml:27:13-37
76        <uses-library
76-->[androidx.window:window:1.0.0] AndroidManifest.xml:28:9-30:40
77            android:name="androidx.window.sidecar"
77-->[androidx.window:window:1.0.0] AndroidManifest.xml:29:13-51
78            android:required="false" />
78-->[androidx.window:window:1.0.0] AndroidManifest.xml:30:13-37
79
80        <activity
80-->[com.github.unsplash:unsplash-photopicker-android:1.0.1] AndroidManifest.xml:14:9-18:20
81            android:name="com.unsplash.pickerandroid.photopicker.presentation.UnsplashPickerActivity"
81-->[com.github.unsplash:unsplash-photopicker-android:1.0.1] AndroidManifest.xml:15:13-102
82            android:configChanges="orientation|screenSize"
82-->[com.github.unsplash:unsplash-photopicker-android:1.0.1] AndroidManifest.xml:16:13-59
83            android:theme="@style/AppTheme.NoActionBar" >
83-->[com.github.unsplash:unsplash-photopicker-android:1.0.1] AndroidManifest.xml:17:13-56
84        </activity>
85        <activity
85-->[com.github.unsplash:unsplash-photopicker-android:1.0.1] AndroidManifest.xml:19:9-22:20
86            android:name="com.unsplash.pickerandroid.photopicker.presentation.PhotoShowActivity"
86-->[com.github.unsplash:unsplash-photopicker-android:1.0.1] AndroidManifest.xml:20:13-97
87            android:theme="@style/AppTheme.NoActionBar.Transparent" >
87-->[com.github.unsplash:unsplash-photopicker-android:1.0.1] AndroidManifest.xml:21:13-68
88        </activity>
89
90        <provider
90-->[androidx.emoji2:emoji2:1.0.0] AndroidManifest.xml:26:9-34:20
91            android:name="androidx.startup.InitializationProvider"
91-->[androidx.emoji2:emoji2:1.0.0] AndroidManifest.xml:27:13-67
92            android:authorities="com.example.promly.androidx-startup"
92-->[androidx.emoji2:emoji2:1.0.0] AndroidManifest.xml:28:13-68
93            android:exported="false" >
93-->[androidx.emoji2:emoji2:1.0.0] AndroidManifest.xml:29:13-37
94            <meta-data
94-->[androidx.emoji2:emoji2:1.0.0] AndroidManifest.xml:31:13-33:52
95                android:name="androidx.emoji2.text.EmojiCompatInitializer"
95-->[androidx.emoji2:emoji2:1.0.0] AndroidManifest.xml:32:17-75
96                android:value="androidx.startup" />
96-->[androidx.emoji2:emoji2:1.0.0] AndroidManifest.xml:33:17-49
97            <meta-data
97-->[androidx.lifecycle:lifecycle-process:2.4.0] AndroidManifest.xml:31:13-33:52
98                android:name="androidx.lifecycle.ProcessLifecycleInitializer"
98-->[androidx.lifecycle:lifecycle-process:2.4.0] AndroidManifest.xml:32:17-78
99                android:value="androidx.startup" />
99-->[androidx.lifecycle:lifecycle-process:2.4.0] AndroidManifest.xml:33:17-49
100        </provider>
101        <provider
101-->[com.squareup.picasso:picasso:2.71828] AndroidManifest.xml:8:9-11:40
102            android:name="com.squareup.picasso.PicassoProvider"
102-->[com.squareup.picasso:picasso:2.71828] AndroidManifest.xml:9:13-64
103            android:authorities="com.example.promly.com.squareup.picasso"
103-->[com.squareup.picasso:picasso:2.71828] AndroidManifest.xml:10:13-72
104            android:exported="false" />
104-->[com.squareup.picasso:picasso:2.71828] AndroidManifest.xml:11:13-37
105    </application>
106
107</manifest>